mode: set
github.com/civo/civo-csi/pkg/driver/controller_server.go:28.117,31.20 2 0
github.com/civo/civo-csi/pkg/driver/controller_server.go:31.20,33.3 1 0
github.com/civo/civo-csi/pkg/driver/controller_server.go:35.2,35.71 1 0
github.com/civo/civo-csi/pkg/driver/controller_server.go:35.71,37.3 1 0
github.com/civo/civo-csi/pkg/driver/controller_server.go:39.2,42.45 2 0
github.com/civo/civo-csi/pkg/driver/controller_server.go:42.45,43.72 1 0
github.com/civo/civo-csi/pkg/driver/controller_server.go:43.72,45.4 1 0
github.com/civo/civo-csi/pkg/driver/controller_server.go:46.3,46.69 1 0
github.com/civo/civo-csi/pkg/driver/controller_server.go:46.69,48.4 1 0
github.com/civo/civo-csi/pkg/driver/controller_server.go:52.2,53.16 2 0
github.com/civo/civo-csi/pkg/driver/controller_server.go:53.16,55.3 1 0
github.com/civo/civo-csi/pkg/driver/controller_server.go:57.2,58.36 2 0
github.com/civo/civo-csi/pkg/driver/controller_server.go:58.36,60.3 1 0
github.com/civo/civo-csi/pkg/driver/controller_server.go:62.2,66.16 4 0
github.com/civo/civo-csi/pkg/driver/controller_server.go:66.16,69.3 2 0
github.com/civo/civo-csi/pkg/driver/controller_server.go:70.2,70.28 1 0
github.com/civo/civo-csi/pkg/driver/controller_server.go:70.28,71.25 1 0
github.com/civo/civo-csi/pkg/driver/controller_server.go:71.25,73.43 2 0
github.com/civo/civo-csi/pkg/driver/controller_server.go:73.43,76.5 1 0
github.com/civo/civo-csi/pkg/driver/controller_server.go:78.4,79.18 2 0
github.com/civo/civo-csi/pkg/driver/controller_server.go:79.18,82.5 2 0
github.com/civo/civo-csi/pkg/driver/controller_server.go:84.4,84.17 1 0
github.com/civo/civo-csi/pkg/driver/controller_server.go:84.17,91.5 1 0
github.com/civo/civo-csi/pkg/driver/controller_server.go:93.4,94.122 2 0
github.com/civo/civo-csi/pkg/driver/controller_server.go:114.2,118.16 4 0
github.com/civo/civo-csi/pkg/driver/controller_server.go:118.16,121.3 2 0
github.com/civo/civo-csi/pkg/driver/controller_server.go:122.2,123.33 2 0
github.com/civo/civo-csi/pkg/driver/controller_server.go:123.33,126.3 2 0
github.com/civo/civo-csi/pkg/driver/controller_server.go:126.8,126.69 1 0
github.com/civo/civo-csi/pkg/driver/controller_server.go:126.69,129.3 2 0
github.com/civo/civo-csi/pkg/driver/controller_server.go:131.2,143.16 5 0
github.com/civo/civo-csi/pkg/driver/controller_server.go:143.16,146.3 2 0
github.com/civo/civo-csi/pkg/driver/controller_server.go:148.2,151.16 3 0
github.com/civo/civo-csi/pkg/driver/controller_server.go:151.16,154.3 2 0
github.com/civo/civo-csi/pkg/driver/controller_server.go:156.2,158.16 3 0
github.com/civo/civo-csi/pkg/driver/controller_server.go:158.16,161.3 2 0
github.com/civo/civo-csi/pkg/driver/controller_server.go:163.2,163.15 1 0
github.com/civo/civo-csi/pkg/driver/controller_server.go:163.15,170.3 1 0
github.com/civo/civo-csi/pkg/driver/controller_server.go:172.2,173.134 2 0
github.com/civo/civo-csi/pkg/driver/controller_server.go:178.107,183.16 4 1
github.com/civo/civo-csi/pkg/driver/controller_server.go:183.16,185.3 1 1
github.com/civo/civo-csi/pkg/driver/controller_server.go:187.2,187.31 1 0
github.com/civo/civo-csi/pkg/driver/controller_server.go:187.31,191.17 3 0
github.com/civo/civo-csi/pkg/driver/controller_server.go:191.17,194.4 2 0
github.com/civo/civo-csi/pkg/driver/controller_server.go:196.3,196.32 1 0
github.com/civo/civo-csi/pkg/driver/controller_server.go:196.32,198.4 1 0
github.com/civo/civo-csi/pkg/driver/controller_server.go:200.2,200.93 1 0
github.com/civo/civo-csi/pkg/driver/controller_server.go:204.117,207.24 2 0
github.com/civo/civo-csi/pkg/driver/controller_server.go:207.24,209.3 1 0
github.com/civo/civo-csi/pkg/driver/controller_server.go:211.2,213.16 3 0
github.com/civo/civo-csi/pkg/driver/controller_server.go:213.16,214.67 1 0
github.com/civo/civo-csi/pkg/driver/controller_server.go:214.67,217.4 2 0
github.com/civo/civo-csi/pkg/driver/controller_server.go:219.3,220.18 2 0
github.com/civo/civo-csi/pkg/driver/controller_server.go:223.2,225.41 2 0
github.com/civo/civo-csi/pkg/driver/controller_server.go:229.150,232.33 2 0
github.com/civo/civo-csi/pkg/driver/controller_server.go:232.33,234.3 1 0
github.com/civo/civo-csi/pkg/driver/controller_server.go:236.2,236.24 1 0
github.com/civo/civo-csi/pkg/driver/controller_server.go:236.24,238.3 1 0
github.com/civo/civo-csi/pkg/driver/controller_server.go:240.2,240.22 1 0
github.com/civo/civo-csi/pkg/driver/controller_server.go:240.22,242.3 1 0
github.com/civo/civo-csi/pkg/driver/controller_server.go:244.2,246.16 3 0
github.com/civo/civo-csi/pkg/driver/controller_server.go:246.16,248.3 1 0
github.com/civo/civo-csi/pkg/driver/controller_server.go:249.2,250.45 2 0
github.com/civo/civo-csi/pkg/driver/controller_server.go:250.45,251.32 1 0
github.com/civo/civo-csi/pkg/driver/controller_server.go:251.32,253.9 2 0
github.com/civo/civo-csi/pkg/driver/controller_server.go:256.2,256.12 1 0
github.com/civo/civo-csi/pkg/driver/controller_server.go:256.12,258.3 1 0
github.com/civo/civo-csi/pkg/driver/controller_server.go:260.2,262.16 3 0
github.com/civo/civo-csi/pkg/driver/controller_server.go:262.16,265.3 2 0
github.com/civo/civo-csi/pkg/driver/controller_server.go:266.2,269.68 2 0
github.com/civo/civo-csi/pkg/driver/controller_server.go:269.68,272.3 2 0
github.com/civo/civo-csi/pkg/driver/controller_server.go:275.2,275.69 1 0
github.com/civo/civo-csi/pkg/driver/controller_server.go:275.69,283.3 2 0
github.com/civo/civo-csi/pkg/driver/controller_server.go:286.2,286.69 1 0
github.com/civo/civo-csi/pkg/driver/controller_server.go:286.69,289.3 1 0
github.com/civo/civo-csi/pkg/driver/controller_server.go:289.8,303.17 4 0
github.com/civo/civo-csi/pkg/driver/controller_server.go:303.17,306.4 2 0
github.com/civo/civo-csi/pkg/driver/controller_server.go:307.3,307.136 1 0
github.com/civo/civo-csi/pkg/driver/controller_server.go:310.2,314.16 4 0
github.com/civo/civo-csi/pkg/driver/controller_server.go:314.16,317.3 2 0
github.com/civo/civo-csi/pkg/driver/controller_server.go:318.2,318.33 1 0
github.com/civo/civo-csi/pkg/driver/controller_server.go:318.33,321.3 2 0
github.com/civo/civo-csi/pkg/driver/controller_server.go:323.2,323.37 1 0
github.com/civo/civo-csi/pkg/driver/controller_server.go:323.37,326.3 2 0
github.com/civo/civo-csi/pkg/driver/controller_server.go:328.2,329.52 2 0
github.com/civo/civo-csi/pkg/driver/controller_server.go:333.156,336.24 2 0
github.com/civo/civo-csi/pkg/driver/controller_server.go:336.24,338.3 1 0
github.com/civo/civo-csi/pkg/driver/controller_server.go:340.2,342.16 3 0
github.com/civo/civo-csi/pkg/driver/controller_server.go:342.16,343.120 1 0
github.com/civo/civo-csi/pkg/driver/controller_server.go:343.120,346.4 2 0
github.com/civo/civo-csi/pkg/driver/controller_server.go:347.3,350.18 3 0
github.com/civo/civo-csi/pkg/driver/controller_server.go:353.2,356.34 2 0
github.com/civo/civo-csi/pkg/driver/controller_server.go:356.34,359.3 2 0
github.com/civo/civo-csi/pkg/driver/controller_server.go:362.2,362.37 1 0
github.com/civo/civo-csi/pkg/driver/controller_server.go:362.37,365.3 2 0
github.com/civo/civo-csi/pkg/driver/controller_server.go:367.2,367.34 1 0
github.com/civo/civo-csi/pkg/driver/controller_server.go:367.34,378.17 3 0
github.com/civo/civo-csi/pkg/driver/controller_server.go:378.17,381.4 2 0
github.com/civo/civo-csi/pkg/driver/controller_server.go:383.3,383.104 1 0
github.com/civo/civo-csi/pkg/driver/controller_server.go:387.2,389.16 3 0
github.com/civo/civo-csi/pkg/driver/controller_server.go:389.16,392.3 2 0
github.com/civo/civo-csi/pkg/driver/controller_server.go:394.2,394.34 1 0
github.com/civo/civo-csi/pkg/driver/controller_server.go:394.34,397.3 2 0
github.com/civo/civo-csi/pkg/driver/controller_server.go:400.2,401.149 2 0
github.com/civo/civo-csi/pkg/driver/controller_server.go:405.147,410.17 3 1
github.com/civo/civo-csi/pkg/driver/controller_server.go:410.17,412.3 1 1
github.com/civo/civo-csi/pkg/driver/controller_server.go:415.2,416.16 2 1
github.com/civo/civo-csi/pkg/driver/controller_server.go:416.16,418.3 1 1
github.com/civo/civo-csi/pkg/driver/controller_server.go:420.2,420.30 1 1
github.com/civo/civo-csi/pkg/driver/controller_server.go:420.30,422.3 1 1
github.com/civo/civo-csi/pkg/driver/controller_server.go:423.2,424.16 2 1
github.com/civo/civo-csi/pkg/driver/controller_server.go:424.16,426.3 1 0
github.com/civo/civo-csi/pkg/driver/controller_server.go:427.2,428.36 2 1
github.com/civo/civo-csi/pkg/driver/controller_server.go:428.36,430.3 1 0
github.com/civo/civo-csi/pkg/driver/controller_server.go:431.2,433.33 2 1
github.com/civo/civo-csi/pkg/driver/controller_server.go:433.33,435.3 1 1
github.com/civo/civo-csi/pkg/driver/controller_server.go:437.2,437.48 1 1
github.com/civo/civo-csi/pkg/driver/controller_server.go:437.48,440.3 2 1
github.com/civo/civo-csi/pkg/driver/controller_server.go:442.2,442.34 1 1
github.com/civo/civo-csi/pkg/driver/controller_server.go:442.34,444.3 1 1
github.com/civo/civo-csi/pkg/driver/controller_server.go:446.2,448.16 3 1
github.com/civo/civo-csi/pkg/driver/controller_server.go:448.16,454.3 2 0
github.com/civo/civo-csi/pkg/driver/controller_server.go:457.2,458.16 2 1
github.com/civo/civo-csi/pkg/driver/controller_server.go:458.16,461.3 2 0
github.com/civo/civo-csi/pkg/driver/controller_server.go:463.2,463.16 1 1
github.com/civo/civo-csi/pkg/driver/controller_server.go:463.16,465.3 1 0
github.com/civo/civo-csi/pkg/driver/controller_server.go:467.2,472.8 3 1
github.com/civo/civo-csi/pkg/driver/controller_server.go:477.130,479.2 1 0
github.com/civo/civo-csi/pkg/driver/controller_server.go:482.159,485.24 2 0
github.com/civo/civo-csi/pkg/driver/controller_server.go:485.24,487.3 1 0
github.com/civo/civo-csi/pkg/driver/controller_server.go:489.2,489.35 1 0
github.com/civo/civo-csi/pkg/driver/controller_server.go:489.35,491.3 1 0
github.com/civo/civo-csi/pkg/driver/controller_server.go:493.2,494.16 2 0
github.com/civo/civo-csi/pkg/driver/controller_server.go:494.16,496.3 1 0
github.com/civo/civo-csi/pkg/driver/controller_server.go:498.2,499.45 2 0
github.com/civo/civo-csi/pkg/driver/controller_server.go:499.45,500.71 1 0
github.com/civo/civo-csi/pkg/driver/controller_server.go:500.71,502.9 2 0
github.com/civo/civo-csi/pkg/driver/controller_server.go:506.2,506.26 1 0
github.com/civo/civo-csi/pkg/driver/controller_server.go:506.26,508.3 1 0
github.com/civo/civo-csi/pkg/driver/controller_server.go:510.2,516.18 2 0
github.com/civo/civo-csi/pkg/driver/controller_server.go:520.114,521.29 1 0
github.com/civo/civo-csi/pkg/driver/controller_server.go:521.29,523.3 1 0
github.com/civo/civo-csi/pkg/driver/controller_server.go:525.2,529.16 4 0
github.com/civo/civo-csi/pkg/driver/controller_server.go:529.16,532.3 2 0
github.com/civo/civo-csi/pkg/driver/controller_server.go:533.2,539.28 3 0
github.com/civo/civo-csi/pkg/driver/controller_server.go:539.28,550.3 1 0
github.com/civo/civo-csi/pkg/driver/controller_server.go:552.2,552.18 1 0
github.com/civo/civo-csi/pkg/driver/controller_server.go:556.106,561.16 4 0
github.com/civo/civo-csi/pkg/driver/controller_server.go:561.16,564.3 2 0
github.com/civo/civo-csi/pkg/driver/controller_server.go:565.2,569.38 4 0
github.com/civo/civo-csi/pkg/driver/controller_server.go:569.38,571.3 1 0
github.com/civo/civo-csi/pkg/driver/controller_server.go:573.2,573.62 1 0
github.com/civo/civo-csi/pkg/driver/controller_server.go:573.62,576.3 2 0
github.com/civo/civo-csi/pkg/driver/controller_server.go:578.2,582.18 2 0
github.com/civo/civo-csi/pkg/driver/controller_server.go:586.148,601.38 4 0
github.com/civo/civo-csi/pkg/driver/controller_server.go:601.38,609.3 1 0
github.com/civo/civo-csi/pkg/driver/controller_server.go:611.2,617.18 3 0
github.com/civo/civo-csi/pkg/driver/controller_server.go:621.123,716.2 1 0
github.com/civo/civo-csi/pkg/driver/controller_server.go:719.123,725.22 3 0
github.com/civo/civo-csi/pkg/driver/controller_server.go:725.22,727.3 1 0
github.com/civo/civo-csi/pkg/driver/controller_server.go:729.2,747.51 2 0
github.com/civo/civo-csi/pkg/driver/controller_server.go:751.120,757.34 4 0
github.com/civo/civo-csi/pkg/driver/controller_server.go:757.34,761.3 2 0
github.com/civo/civo-csi/pkg/driver/controller_server.go:764.2,764.26 1 0
github.com/civo/civo-csi/pkg/driver/controller_server.go:764.26,791.3 1 0
github.com/civo/civo-csi/pkg/driver/controller_server.go:794.2,794.30 1 0
github.com/civo/civo-csi/pkg/driver/controller_server.go:794.30,819.3 1 0
github.com/civo/civo-csi/pkg/driver/controller_server.go:821.2,847.51 2 0
github.com/civo/civo-csi/pkg/driver/controller_server.go:850.68,851.21 1 1
github.com/civo/civo-csi/pkg/driver/controller_server.go:851.21,853.3 1 0
github.com/civo/civo-csi/pkg/driver/controller_server.go:856.2,857.16 2 1
github.com/civo/civo-csi/pkg/driver/controller_server.go:857.16,859.3 1 0
github.com/civo/civo-csi/pkg/driver/controller_server.go:861.2,861.19 1 1
github.com/civo/civo-csi/pkg/driver/driver.go:47.86,51.18 3 1
github.com/civo/civo-csi/pkg/driver/driver.go:51.18,53.17 2 1
github.com/civo/civo-csi/pkg/driver/driver.go:53.17,55.4 1 0
github.com/civo/civo-csi/pkg/driver/driver.go:58.2,67.26 4 1
github.com/civo/civo-csi/pkg/driver/driver.go:67.26,69.3 1 1
github.com/civo/civo-csi/pkg/driver/driver.go:71.2,82.8 2 1
github.com/civo/civo-csi/pkg/driver/driver.go:86.60,89.15 3 1
github.com/civo/civo-csi/pkg/driver/driver.go:89.15,91.3 1 1
github.com/civo/civo-csi/pkg/driver/driver.go:91.8,93.3 1 0
github.com/civo/civo-csi/pkg/driver/driver.go:95.2,100.15 4 1
github.com/civo/civo-csi/pkg/driver/driver.go:104.49,110.25 5 0
github.com/civo/civo-csi/pkg/driver/driver.go:110.25,112.3 1 0
github.com/civo/civo-csi/pkg/driver/driver.go:113.2,116.70 2 0
github.com/civo/civo-csi/pkg/driver/driver.go:116.70,119.3 2 0
github.com/civo/civo-csi/pkg/driver/driver.go:120.2,123.16 3 0
github.com/civo/civo-csi/pkg/driver/driver.go:123.16,125.3 1 0
github.com/civo/civo-csi/pkg/driver/driver.go:126.2,129.135 2 0
github.com/civo/civo-csi/pkg/driver/driver.go:129.135,131.17 2 0
github.com/civo/civo-csi/pkg/driver/driver.go:131.17,133.4 1 0
github.com/civo/civo-csi/pkg/driver/driver.go:134.3,134.19 1 0
github.com/civo/civo-csi/pkg/driver/driver.go:137.2,137.16 1 0
github.com/civo/civo-csi/pkg/driver/driver.go:137.16,139.3 1 0
github.com/civo/civo-csi/pkg/driver/driver.go:139.8,141.3 1 0
github.com/civo/civo-csi/pkg/driver/driver.go:142.2,155.21 10 0
github.com/civo/civo-csi/pkg/driver/driver.go:155.21,156.13 1 0
github.com/civo/civo-csi/pkg/driver/driver.go:156.13,160.4 3 0
github.com/civo/civo-csi/pkg/driver/driver.go:161.3,162.42 2 0
github.com/civo/civo-csi/pkg/driver/driver.go:165.2,167.18 2 0
github.com/civo/civo-csi/pkg/driver/hotplug_disk.go:54.68,56.23 2 0
github.com/civo/civo-csi/pkg/driver/hotplug_disk.go:56.23,58.3 1 0
github.com/civo/civo-csi/pkg/driver/hotplug_disk.go:60.2,60.11 1 0
github.com/civo/civo-csi/pkg/driver/hotplug_disk.go:64.66,68.16 3 0
github.com/civo/civo-csi/pkg/driver/hotplug_disk.go:68.16,70.3 1 0
github.com/civo/civo-csi/pkg/driver/hotplug_disk.go:72.2,72.16 1 0
github.com/civo/civo-csi/pkg/driver/hotplug_disk.go:72.16,74.3 1 0
github.com/civo/civo-csi/pkg/driver/hotplug_disk.go:76.2,78.16 3 0
github.com/civo/civo-csi/pkg/driver/hotplug_disk.go:78.16,80.3 1 0
github.com/civo/civo-csi/pkg/driver/hotplug_disk.go:82.2,82.12 1 0
github.com/civo/civo-csi/pkg/driver/hotplug_disk.go:86.68,90.16 3 0
github.com/civo/civo-csi/pkg/driver/hotplug_disk.go:90.16,92.3 1 0
github.com/civo/civo-csi/pkg/driver/hotplug_disk.go:94.2,95.16 2 0
github.com/civo/civo-csi/pkg/driver/hotplug_disk.go:95.16,97.3 1 0
github.com/civo/civo-csi/pkg/driver/hotplug_disk.go:98.2,98.16 1 0
github.com/civo/civo-csi/pkg/driver/hotplug_disk.go:98.16,100.3 1 0
github.com/civo/civo-csi/pkg/driver/hotplug_disk.go:102.2,102.12 1 0
github.com/civo/civo-csi/pkg/driver/hotplug_disk.go:106.96,110.22 3 0
github.com/civo/civo-csi/pkg/driver/hotplug_disk.go:110.22,114.17 3 0
github.com/civo/civo-csi/pkg/driver/hotplug_disk.go:114.17,116.4 1 0
github.com/civo/civo-csi/pkg/driver/hotplug_disk.go:118.3,120.17 3 0
github.com/civo/civo-csi/pkg/driver/hotplug_disk.go:120.17,122.4 1 0
github.com/civo/civo-csi/pkg/driver/hotplug_disk.go:123.3,123.15 1 0
github.com/civo/civo-csi/pkg/driver/hotplug_disk.go:124.8,129.17 3 0
github.com/civo/civo-csi/pkg/driver/hotplug_disk.go:129.17,131.4 1 0
github.com/civo/civo-csi/pkg/driver/hotplug_disk.go:132.3,132.40 1 0
github.com/civo/civo-csi/pkg/driver/hotplug_disk.go:135.2,135.20 1 0
github.com/civo/civo-csi/pkg/driver/hotplug_disk.go:135.20,137.3 1 0
github.com/civo/civo-csi/pkg/driver/hotplug_disk.go:139.2,145.16 5 0
github.com/civo/civo-csi/pkg/driver/hotplug_disk.go:145.16,147.3 1 0
github.com/civo/civo-csi/pkg/driver/hotplug_disk.go:149.2,150.16 2 0
github.com/civo/civo-csi/pkg/driver/hotplug_disk.go:150.16,152.3 1 0
github.com/civo/civo-csi/pkg/driver/hotplug_disk.go:153.2,153.14 1 0
github.com/civo/civo-csi/pkg/driver/hotplug_disk.go:153.14,155.3 1 0
github.com/civo/civo-csi/pkg/driver/hotplug_disk.go:157.2,159.12 2 0
github.com/civo/civo-csi/pkg/driver/hotplug_disk.go:163.63,167.16 4 0
github.com/civo/civo-csi/pkg/driver/hotplug_disk.go:167.16,170.3 2 0
github.com/civo/civo-csi/pkg/driver/hotplug_disk.go:172.2,172.12 1 0
github.com/civo/civo-csi/pkg/driver/hotplug_disk.go:176.69,178.16 2 0
github.com/civo/civo-csi/pkg/driver/hotplug_disk.go:178.16,180.3 1 0
github.com/civo/civo-csi/pkg/driver/hotplug_disk.go:182.2,183.16 2 0
github.com/civo/civo-csi/pkg/driver/hotplug_disk.go:183.16,184.30 1 0
github.com/civo/civo-csi/pkg/driver/hotplug_disk.go:184.30,187.4 2 0
github.com/civo/civo-csi/pkg/driver/hotplug_disk.go:188.3,188.20 1 0
github.com/civo/civo-csi/pkg/driver/hotplug_disk.go:191.2,195.16 4 0
github.com/civo/civo-csi/pkg/driver/hotplug_disk.go:195.16,197.10 2 0
github.com/civo/civo-csi/pkg/driver/hotplug_disk.go:197.10,200.4 2 0
github.com/civo/civo-csi/pkg/driver/hotplug_disk.go:202.3,203.33 2 0
github.com/civo/civo-csi/pkg/driver/hotplug_disk.go:203.33,206.4 2 0
github.com/civo/civo-csi/pkg/driver/hotplug_disk.go:208.3,209.83 2 0
github.com/civo/civo-csi/pkg/driver/hotplug_disk.go:212.2,213.18 2 0
github.com/civo/civo-csi/pkg/driver/hotplug_disk.go:217.67,219.16 2 0
github.com/civo/civo-csi/pkg/driver/hotplug_disk.go:219.16,221.3 1 0
github.com/civo/civo-csi/pkg/driver/hotplug_disk.go:223.2,224.16 2 0
github.com/civo/civo-csi/pkg/driver/hotplug_disk.go:224.16,225.30 1 0
github.com/civo/civo-csi/pkg/driver/hotplug_disk.go:225.30,228.4 2 0
github.com/civo/civo-csi/pkg/driver/hotplug_disk.go:229.3,229.20 1 0
github.com/civo/civo-csi/pkg/driver/hotplug_disk.go:232.2,234.16 3 0
github.com/civo/civo-csi/pkg/driver/hotplug_disk.go:234.16,235.43 1 0
github.com/civo/civo-csi/pkg/driver/hotplug_disk.go:235.43,238.4 2 0
github.com/civo/civo-csi/pkg/driver/hotplug_disk.go:240.3,241.83 2 0
github.com/civo/civo-csi/pkg/driver/hotplug_disk.go:244.2,246.18 2 0
github.com/civo/civo-csi/pkg/driver/hotplug_disk.go:250.89,254.16 3 0
github.com/civo/civo-csi/pkg/driver/hotplug_disk.go:254.16,256.3 1 0
github.com/civo/civo-csi/pkg/driver/hotplug_disk.go:258.2,268.22 2 0
github.com/civo/civo-csi/pkg/driver/hotplug_disk.go:285.68,286.29 1 0
github.com/civo/civo-csi/pkg/driver/hotplug_disk.go:286.29,288.3 1 0
github.com/civo/civo-csi/pkg/driver/hotplug_disk.go:290.2,290.43 1 0
github.com/civo/civo-csi/pkg/driver/hotplug_disk.go:294.68,299.2 4 0
github.com/civo/civo-csi/pkg/driver/hotplug_disk.go:302.66,303.18 1 0
github.com/civo/civo-csi/pkg/driver/hotplug_disk.go:303.18,305.3 1 0
github.com/civo/civo-csi/pkg/driver/hotplug_disk.go:306.2,309.12 3 0
github.com/civo/civo-csi/pkg/driver/hotplug_disk.go:313.96,319.2 5 0
github.com/civo/civo-csi/pkg/driver/hotplug_disk.go:322.63,326.2 3 0
github.com/civo/civo-csi/pkg/driver/hotplug_disk.go:329.69,331.2 1 0
github.com/civo/civo-csi/pkg/driver/hotplug_disk.go:334.69,335.28 1 0
github.com/civo/civo-csi/pkg/driver/hotplug_disk.go:335.28,337.3 1 0
github.com/civo/civo-csi/pkg/driver/hotplug_disk.go:338.2,338.23 1 0
github.com/civo/civo-csi/pkg/driver/hotplug_disk.go:342.89,352.2 1 0
github.com/civo/civo-csi/pkg/driver/identity_server.go:14.112,21.2 2 0
github.com/civo/civo-csi/pkg/driver/identity_server.go:24.136,45.2 2 0
github.com/civo/civo-csi/pkg/driver/identity_server.go:48.88,50.16 2 0
github.com/civo/civo-csi/pkg/driver/identity_server.go:50.16,52.3 1 0
github.com/civo/civo-csi/pkg/driver/identity_server.go:54.2,58.8 1 0
github.com/civo/civo-csi/pkg/driver/node_server.go:20.126,23.24 2 0
github.com/civo/civo-csi/pkg/driver/node_server.go:23.24,26.3 2 0
github.com/civo/civo-csi/pkg/driver/node_server.go:27.2,27.33 1 0
github.com/civo/civo-csi/pkg/driver/node_server.go:27.33,30.3 2 0
github.com/civo/civo-csi/pkg/driver/node_server.go:31.2,31.33 1 0
github.com/civo/civo-csi/pkg/driver/node_server.go:31.33,34.3 2 0
github.com/civo/civo-csi/pkg/driver/node_server.go:36.2,40.28 3 0
github.com/civo/civo-csi/pkg/driver/node_server.go:40.28,43.3 2 0
github.com/civo/civo-csi/pkg/driver/node_server.go:46.2,47.16 2 0
github.com/civo/civo-csi/pkg/driver/node_server.go:47.16,50.3 2 0
github.com/civo/civo-csi/pkg/driver/node_server.go:51.2,53.16 2 0
github.com/civo/civo-csi/pkg/driver/node_server.go:53.16,55.3 1 0
github.com/civo/civo-csi/pkg/driver/node_server.go:58.2,59.16 2 0
github.com/civo/civo-csi/pkg/driver/node_server.go:59.16,62.3 2 0
github.com/civo/civo-csi/pkg/driver/node_server.go:63.2,65.14 2 0
github.com/civo/civo-csi/pkg/driver/node_server.go:65.14,68.19 3 0
github.com/civo/civo-csi/pkg/driver/node_server.go:68.19,70.4 1 0
github.com/civo/civo-csi/pkg/driver/node_server.go:71.3,71.114 1 0
github.com/civo/civo-csi/pkg/driver/node_server.go:74.2,74.44 1 0
github.com/civo/civo-csi/pkg/driver/node_server.go:78.132,81.24 2 0
github.com/civo/civo-csi/pkg/driver/node_server.go:81.24,84.3 2 0
github.com/civo/civo-csi/pkg/driver/node_server.go:85.2,85.33 1 0
github.com/civo/civo-csi/pkg/driver/node_server.go:85.33,88.3 2 0
github.com/civo/civo-csi/pkg/driver/node_server.go:90.2,93.31 3 0
github.com/civo/civo-csi/pkg/driver/node_server.go:93.31,96.3 2 0
github.com/civo/civo-csi/pkg/driver/node_server.go:98.2,99.16 2 0
github.com/civo/civo-csi/pkg/driver/node_server.go:99.16,102.3 2 0
github.com/civo/civo-csi/pkg/driver/node_server.go:103.2,105.13 2 0
github.com/civo/civo-csi/pkg/driver/node_server.go:105.13,108.3 2 0
github.com/civo/civo-csi/pkg/driver/node_server.go:110.2,110.46 1 0
github.com/civo/civo-csi/pkg/driver/node_server.go:114.132,117.24 2 0
github.com/civo/civo-csi/pkg/driver/node_server.go:117.24,120.3 2 0
github.com/civo/civo-csi/pkg/driver/node_server.go:121.2,121.33 1 0
github.com/civo/civo-csi/pkg/driver/node_server.go:121.33,124.3 2 0
github.com/civo/civo-csi/pkg/driver/node_server.go:125.2,125.26 1 0
github.com/civo/civo-csi/pkg/driver/node_server.go:125.26,128.3 2 0
github.com/civo/civo-csi/pkg/driver/node_server.go:129.2,129.33 1 0
github.com/civo/civo-csi/pkg/driver/node_server.go:129.33,132.3 2 0
github.com/civo/civo-csi/pkg/driver/node_server.go:134.2,137.16 3 0
github.com/civo/civo-csi/pkg/driver/node_server.go:137.16,140.3 2 0
github.com/civo/civo-csi/pkg/driver/node_server.go:142.2,145.16 3 0
github.com/civo/civo-csi/pkg/driver/node_server.go:145.16,148.3 2 0
github.com/civo/civo-csi/pkg/driver/node_server.go:149.2,151.14 2 0
github.com/civo/civo-csi/pkg/driver/node_server.go:151.14,155.19 2 0
github.com/civo/civo-csi/pkg/driver/node_server.go:155.19,157.4 1 0
github.com/civo/civo-csi/pkg/driver/node_server.go:158.3,158.84 1 0
github.com/civo/civo-csi/pkg/driver/node_server.go:161.2,161.46 1 0
github.com/civo/civo-csi/pkg/driver/node_server.go:165.138,168.24 2 0
github.com/civo/civo-csi/pkg/driver/node_server.go:168.24,171.3 2 0
github.com/civo/civo-csi/pkg/driver/node_server.go:172.2,172.26 1 0
github.com/civo/civo-csi/pkg/driver/node_server.go:172.26,175.3 2 0
github.com/civo/civo-csi/pkg/driver/node_server.go:177.2,181.16 4 0
github.com/civo/civo-csi/pkg/driver/node_server.go:181.16,182.25 1 0
github.com/civo/civo-csi/pkg/driver/node_server.go:182.25,186.4 2 0
github.com/civo/civo-csi/pkg/driver/node_server.go:187.3,187.33 1 0
github.com/civo/civo-csi/pkg/driver/node_server.go:187.33,189.4 1 0
github.com/civo/civo-csi/pkg/driver/node_server.go:191.3,191.17 1 0
github.com/civo/civo-csi/pkg/driver/node_server.go:193.2,195.14 2 0
github.com/civo/civo-csi/pkg/driver/node_server.go:195.14,196.49 1 0
github.com/civo/civo-csi/pkg/driver/node_server.go:196.49,199.4 2 0
github.com/civo/civo-csi/pkg/driver/node_server.go:201.3,201.49 1 0
github.com/civo/civo-csi/pkg/driver/node_server.go:204.2,205.16 2 0
github.com/civo/civo-csi/pkg/driver/node_server.go:205.16,208.3 2 0
github.com/civo/civo-csi/pkg/driver/node_server.go:210.2,212.39 3 0
github.com/civo/civo-csi/pkg/driver/node_server.go:212.39,215.3 2 0
github.com/civo/civo-csi/pkg/driver/node_server.go:217.2,217.48 1 0
github.com/civo/civo-csi/pkg/driver/node_server.go:221.114,225.16 3 0
github.com/civo/civo-csi/pkg/driver/node_server.go:225.16,228.3 2 0
github.com/civo/civo-csi/pkg/driver/node_server.go:230.2,242.8 2 0
github.com/civo/civo-csi/pkg/driver/node_server.go:246.135,249.24 2 0
github.com/civo/civo-csi/pkg/driver/node_server.go:249.24,252.3 2 0
github.com/civo/civo-csi/pkg/driver/node_server.go:254.2,255.22 2 0
github.com/civo/civo-csi/pkg/driver/node_server.go:255.22,258.3 2 0
github.com/civo/civo-csi/pkg/driver/node_server.go:260.2,261.16 2 0
github.com/civo/civo-csi/pkg/driver/node_server.go:261.16,264.3 2 0
github.com/civo/civo-csi/pkg/driver/node_server.go:266.2,266.14 1 0
github.com/civo/civo-csi/pkg/driver/node_server.go:266.14,269.3 2 0
github.com/civo/civo-csi/pkg/driver/node_server.go:271.2,272.16 2 0
github.com/civo/civo-csi/pkg/driver/node_server.go:272.16,275.3 2 0
github.com/civo/civo-csi/pkg/driver/node_server.go:277.2,296.8 2 0
github.com/civo/civo-csi/pkg/driver/node_server.go:300.129,302.24 2 0
github.com/civo/civo-csi/pkg/driver/node_server.go:302.24,305.3 2 0
github.com/civo/civo-csi/pkg/driver/node_server.go:306.2,306.26 1 0
github.com/civo/civo-csi/pkg/driver/node_server.go:306.26,309.3 2 0
github.com/civo/civo-csi/pkg/driver/node_server.go:311.2,312.16 2 0
github.com/civo/civo-csi/pkg/driver/node_server.go:312.16,315.3 2 0
github.com/civo/civo-csi/pkg/driver/node_server.go:317.2,318.28 2 0
github.com/civo/civo-csi/pkg/driver/node_server.go:318.28,321.3 2 0
github.com/civo/civo-csi/pkg/driver/node_server.go:323.2,325.16 3 0
github.com/civo/civo-csi/pkg/driver/node_server.go:325.16,328.3 2 0
github.com/civo/civo-csi/pkg/driver/node_server.go:332.2,332.45 1 0
github.com/civo/civo-csi/pkg/driver/node_server.go:336.138,363.2 1 0
github.com/civo/civo-csi/pkg/driver/node_server.go:372.63,376.16 3 0
github.com/civo/civo-csi/pkg/driver/node_server.go:376.16,379.3 2 0
github.com/civo/civo-csi/pkg/driver/node_server.go:381.2,382.64 2 0
github.com/civo/civo-csi/pkg/driver/node_server.go:382.64,385.3 2 0
github.com/civo/civo-csi/pkg/driver/node_server.go:387.2,387.46 1 0
github.com/civo/civo-csi/pkg/driver/node_server.go:394.70,395.32 1 0
github.com/civo/civo-csi/pkg/driver/node_server.go:395.32,397.21 2 0
github.com/civo/civo-csi/pkg/driver/node_server.go:397.21,399.4 1 0
github.com/civo/civo-csi/pkg/driver/node_server.go:401.3,402.17 2 0
github.com/civo/civo-csi/pkg/driver/node_server.go:402.17,404.4 1 0
github.com/civo/civo-csi/pkg/driver/node_server.go:406.3,406.43 1 0
github.com/civo/civo-csi/pkg/driver/node_server.go:408.2,408.55 1 0
